sex 18 ago 2023 16:00:01 -03
sex 18 ago 2023 17:00:01 -03
sex 18 ago 2023 18:00:01 -03
sex 18 ago 2023 19:00:01 -03
sex 18 ago 2023 20:00:01 -03
sex 18 ago 2023 21:00:01 -03
sex 18 ago 2023 22:00:01 -03
sex 18 ago 2023 23:00:01 -03
sáb 19 ago 2023 00:00:01 -03
sáb 19 ago 2023 01:00:01 -03
sáb 19 ago 2023 02:00:01 -03
sáb 19 ago 2023 03:00:01 -03
sáb 19 ago 2023 04:00:01 -03
sáb 19 ago 2023 05:00:01 -03
sáb 19 ago 2023 06:00:01 -03
sáb 19 ago 2023 07:00:01 -03
sáb 19 ago 2023 08:00:01 -03
sáb 19 ago 2023 09:00:01 -03
sáb 19 ago 2023 10:00:01 -03
sáb 19 ago 2023 11:00:01 -03
sáb 19 ago 2023 12:00:01 -03
sáb 19 ago 2023 13:00:01 -03
sáb 19 ago 2023 14:00:01 -03
sáb 19 ago 2023 15:00:01 -03
sáb 19 ago 2023 16:00:01 -03
sáb 19 ago 2023 17:00:01 -03
sáb 19 ago 2023 18:00:01 -03
sáb 19 ago 2023 19:00:01 -03
sáb 19 ago 2023 20:00:01 -03
sáb 19 ago 2023 21:00:01 -03
sáb 19 ago 2023 22:00:01 -03
sáb 19 ago 2023 23:00:01 -03
dom 20 ago 2023 00:00:01 -03
dom 20 ago 2023 01:00:01 -03
dom 20 ago 2023 02:00:01 -03
dom 20 ago 2023 03:00:01 -03
dom 20 ago 2023 04:00:01 -03
dom 20 ago 2023 05:00:01 -03
dom 20 ago 2023 06:00:01 -03
dom 20 ago 2023 07:00:01 -03
dom 20 ago 2023 08:00:01 -03
dom 20 ago 2023 09:00:01 -03
dom 20 ago 2023 10:00:01 -03
dom 20 ago 2023 11:00:01 -03
dom 20 ago 2023 12:00:01 -03
dom 20 ago 2023 13:00:01 -03
dom 20 ago 2023 14:00:01 -03
dom 20 ago 2023 15:00:01 -03
dom 20 ago 2023 16:00:01 -03
dom 20 ago 2023 17:00:01 -03
dom 20 ago 2023 18:00:01 -03
dom 20 ago 2023 19:00:01 -03
dom 20 ago 2023 20:00:01 -03
dom 20 ago 2023 21:00:01 -03
dom 20 ago 2023 22:00:01 -03
dom 20 ago 2023 23:00:01 -03
seg 21 ago 2023 00:00:01 -03
seg 21 ago 2023 01:00:01 -03
seg 21 ago 2023 02:00:01 -03
seg 21 ago 2023 03:00:01 -03
seg 21 ago 2023 04:00:01 -03
seg 21 ago 2023 05:00:01 -03
seg 21 ago 2023 06:00:01 -03
seg 21 ago 2023 07:00:01 -03
seg 21 ago 2023 08:00:01 -03
seg 21 ago 2023 09:00:01 -03
seg 21 ago 2023 10:00:01 -03
seg 21 ago 2023 11:00:01 -03
seg 21 ago 2023 12:00:01 -03
seg 21 ago 2023 13:00:02 -03
seg 21 ago 2023 14:00:01 -03
seg 21 ago 2023 15:00:01 -03
seg 21 ago 2023 16:00:01 -03
seg 21 ago 2023 17:00:01 -03
seg 21 ago 2023 18:00:01 -03
seg 21 ago 2023 19:00:01 -03
seg 21 ago 2023 20:00:01 -03
seg 21 ago 2023 21:00:01 -03
seg 21 ago 2023 22:00:01 -03
seg 21 ago 2023 23:00:01 -03
ter 22 ago 2023 00:00:01 -03
ter 22 ago 2023 01:00:01 -03
ter 22 ago 2023 02:00:01 -03
ter 22 ago 2023 03:00:01 -03
ter 22 ago 2023 04:00:01 -03
ter 22 ago 2023 05:00:01 -03
ter 22 ago 2023 06:00:01 -03
ter 22 ago 2023 07:00:01 -03
ter 22 ago 2023 08:00:01 -03
ter 22 ago 2023 09:00:01 -03
ter 22 ago 2023 10:00:01 -03
ter 22 ago 2023 11:00:01 -03
ter 22 ago 2023 12:00:01 -03
ter 22 ago 2023 13:00:01 -03
ter 22 ago 2023 14:00:01 -03
ter 22 ago 2023 15:00:01 -03
ter 22 ago 2023 16:00:02 -03
ter 22 ago 2023 17:00:01 -03
ter 22 ago 2023 18:00:01 -03
ter 22 ago 2023 19:00:01 -03
ter 22 ago 2023 20:00:01 -03
ter 22 ago 2023 21:00:01 -03
ter 22 ago 2023 22:00:01 -03
ter 22 ago 2023 23:00:01 -03
qua 23 ago 2023 00:00:01 -03
qua 23 ago 2023 01:00:01 -03
qua 23 ago 2023 02:00:01 -03
qua 23 ago 2023 03:00:01 -03
qua 23 ago 2023 04:00:01 -03
qua 23 ago 2023 05:00:01 -03
qua 23 ago 2023 06:00:01 -03
qua 23 ago 2023 07:00:01 -03
qua 23 ago 2023 08:00:01 -03
qua 23 ago 2023 09:00:01 -03
qua 23 ago 2023 10:00:01 -03
qua 23 ago 2023 11:00:01 -03
qua 23 ago 2023 12:00:01 -03
qua 23 ago 2023 13:00:01 -03
qua 23 ago 2023 14:00:01 -03
qua 23 ago 2023 15:00:01 -03
qua 23 ago 2023 16:00:01 -03
qua 23 ago 2023 17:00:01 -03
qua 23 ago 2023 18:00:01 -03
qua 23 ago 2023 19:00:01 -03
