INFO:2024-02-22 19:49:50,406 — ============================
INFO:2024-02-22 19:49:50,406 — data atual: 2024-02-22
INFO:2024-02-22 19:49:50,406 — data do arquivo: 2023-11-01
INFO:2024-02-22 19:49:50,406 — houve mudança de mês
INFO:2024-02-22 19:49:50,431 — ===============================================================
INFO:2024-02-22 19:49:50,432 — Atualização da coluna data_atualizacao na tabela logatualizacao
INFO:2024-02-22 19:49:50,432 — inpc data atualizada: 2023-09-01
INFO:2024-02-22 19:49:50,432 — ipca data atualizada: 2023-09-01
INFO:2024-02-22 19:49:50,433 — tr data atualizada: 2023-10-01
INFO:2024-02-22 19:49:50,433 — selic data atualizada: 2023-10-01
INFO:2024-02-22 19:49:50,433 — seliccopom data atualizada: 2023-10-01
INFO:2024-02-22 19:49:50,433 — ipca15 data atualizada: 2023-08-01
INFO:2024-02-22 19:56:25,934 — ============================
INFO:2024-02-22 19:56:25,934 — data atual: 2024-02-22
INFO:2024-02-22 19:56:25,934 — data do arquivo: 2023-11-01
INFO:2024-02-22 19:56:25,934 — houve mudança de mês
INFO:2024-02-22 19:56:25,959 — ===============================================================
INFO:2024-02-22 19:56:25,959 — Atualização da coluna data_atualizacao na tabela logatualizacao
INFO:2024-02-22 19:56:25,959 — inpc data atualizada: 2023-09-01
INFO:2024-02-22 19:56:25,960 — ipca data atualizada: 2023-09-01
INFO:2024-02-22 19:56:25,960 — tr data atualizada: 2023-10-01
INFO:2024-02-22 19:56:25,960 — selic data atualizada: 2023-10-01
INFO:2024-02-22 19:56:25,960 — seliccopom data atualizada: 2023-10-01
INFO:2024-02-22 19:56:25,960 — ipca15 data atualizada: 2023-08-01
INFO:2024-02-22 19:58:30,579 — ============================
INFO:2024-02-22 19:58:30,579 — data atual: 2024-02-22
INFO:2024-02-22 19:58:30,579 — data do arquivo: 2023-11-01
INFO:2024-02-22 19:58:30,579 — houve mudança de mês
INFO:2024-02-22 19:58:30,604 — ===============================================================
INFO:2024-02-22 19:58:30,604 — Atualização da coluna data_atualizacao na tabela logatualizacao
INFO:2024-02-22 19:58:30,605 — inpc data atualizada: 2023-09-01
INFO:2024-02-22 19:58:30,605 — ipca data atualizada: 2023-09-01
INFO:2024-02-22 19:58:30,606 — tr data atualizada: 2023-10-01
INFO:2024-02-22 19:58:30,606 — selic data atualizada: 2023-10-01
INFO:2024-02-22 19:58:30,606 — seliccopom data atualizada: 2023-10-01
INFO:2024-02-22 19:58:30,606 — ipca15 data atualizada: 2023-08-01
INFO:2024-02-22 19:59:16,163 — ============================
INFO:2024-02-22 19:59:16,164 — data atual: 2024-02-22
INFO:2024-02-22 19:59:16,164 — data do arquivo: 2023-11-01
INFO:2024-02-22 19:59:16,164 — houve mudança de mês
INFO:2024-02-22 19:59:16,189 — ===============================================================
INFO:2024-02-22 19:59:16,189 — Atualização da coluna data_atualizacao na tabela logatualizacao
INFO:2024-02-22 19:59:16,189 — inpc data atualizada: 2023-09-01
INFO:2024-02-22 19:59:16,189 — ipca data atualizada: 2023-09-01
INFO:2024-02-22 19:59:16,190 — tr data atualizada: 2023-10-01
INFO:2024-02-22 19:59:16,190 — selic data atualizada: 2023-10-01
INFO:2024-02-22 19:59:16,190 — seliccopom data atualizada: 2023-10-01
INFO:2024-02-22 19:59:16,190 — ipca15 data atualizada: 2023-08-01
INFO:2024-02-22 20:00:44,666 — ============================
INFO:2024-02-22 20:00:44,667 — data atual: 2024-02-22
INFO:2024-02-22 20:00:44,667 — data do arquivo: 2023-11-01
INFO:2024-02-22 20:00:44,667 — houve mudança de mês
INFO:2024-02-22 20:00:44,692 — ===============================================================
INFO:2024-02-22 20:00:44,692 — Atualização da coluna data_atualizacao na tabela logatualizacao
INFO:2024-02-22 20:00:44,693 — inpc data atualizada: 2023-09-01
INFO:2024-02-22 20:00:44,693 — ipca data atualizada: 2023-09-01
INFO:2024-02-22 20:00:44,693 — tr data atualizada: 2023-10-01
INFO:2024-02-22 20:00:44,693 — selic data atualizada: 2023-10-01
INFO:2024-02-22 20:00:44,693 — seliccopom data atualizada: 2023-10-01
INFO:2024-02-22 20:00:44,694 — ipca15 data atualizada: 2023-08-01
INFO:2024-02-22 20:04:46,607 — ============================
INFO:2024-02-22 20:04:46,607 — data atual: 2024-02-22
INFO:2024-02-22 20:04:46,607 — data do arquivo: 2023-11-01
INFO:2024-02-22 20:04:46,607 — houve mudança de mês
INFO:2024-02-22 20:04:46,633 — ===============================================================
INFO:2024-02-22 20:04:46,633 — Atualização da coluna data_atualizacao na tabela logatualizacao
INFO:2024-02-22 20:04:46,633 — inpc data atualizada: 2023-09-01
INFO:2024-02-22 20:04:46,634 — ipca data atualizada: 2023-09-01
INFO:2024-02-22 20:04:46,634 — tr data atualizada: 2023-10-01
INFO:2024-02-22 20:04:46,634 — selic data atualizada: 2023-10-01
INFO:2024-02-22 20:04:46,634 — seliccopom data atualizada: 2023-10-01
INFO:2024-02-22 20:04:46,634 — ipca15 data atualizada: 2023-08-01
INFO:2024-02-22 20:08:44,666 — ============================
INFO:2024-02-22 20:08:44,666 — data atual: 2024-02-22
INFO:2024-02-22 20:08:44,666 — data do arquivo: 2023-11-01
INFO:2024-02-22 20:08:44,666 — houve mudança de mês
INFO:2024-02-22 20:08:44,691 — ===============================================================
INFO:2024-02-22 20:08:44,691 — Atualização da coluna data_atualizacao na tabela logatualizacao
INFO:2024-02-22 20:08:44,692 — inpc data atualizada: 2023-09-01
INFO:2024-02-22 20:08:44,692 — ipca data atualizada: 2023-09-01
INFO:2024-02-22 20:08:44,692 — tr data atualizada: 2023-10-01
INFO:2024-02-22 20:08:44,692 — selic data atualizada: 2023-10-01
INFO:2024-02-22 20:08:44,692 — seliccopom data atualizada: 2023-10-01
INFO:2024-02-22 20:08:44,692 — ipca15 data atualizada: 2023-08-01
INFO:2024-02-22 20:14:41,494 — ============================
INFO:2024-02-22 20:14:41,494 — data atual: 2024-02-22
INFO:2024-02-22 20:14:41,494 — data do arquivo: 2023-11-01
INFO:2024-02-22 20:14:41,495 — houve mudança de mês
INFO:2024-02-22 20:14:41,520 — ===============================================================
INFO:2024-02-22 20:14:41,520 — Atualização da coluna data_atualizacao na tabela logatualizacao
INFO:2024-02-22 20:14:41,520 — inpc data atualizada: 2023-09-01
INFO:2024-02-22 20:14:41,520 — ipca data atualizada: 2023-09-01
INFO:2024-02-22 20:14:41,521 — tr data atualizada: 2023-10-01
INFO:2024-02-22 20:14:41,521 — selic data atualizada: 2023-10-01
INFO:2024-02-22 20:14:41,521 — seliccopom data atualizada: 2023-10-01
INFO:2024-02-22 20:14:41,521 — ipca15 data atualizada: 2023-08-01
INFO:2024-02-22 20:15:44,443 — ============================
INFO:2024-02-22 20:15:44,443 — data atual: 2024-02-22
INFO:2024-02-22 20:15:44,443 — data do arquivo: 2023-11-01
INFO:2024-02-22 20:15:44,443 — houve mudança de mês
INFO:2024-02-22 20:15:44,469 — ===============================================================
INFO:2024-02-22 20:15:44,469 — Atualização da coluna data_atualizacao na tabela logatualizacao
INFO:2024-02-22 20:15:44,470 — inpc data atualizada: 2023-09-01
INFO:2024-02-22 20:15:44,470 — ipca data atualizada: 2023-09-01
INFO:2024-02-22 20:15:44,470 — tr data atualizada: 2023-10-01
INFO:2024-02-22 20:15:44,471 — selic data atualizada: 2023-10-01
INFO:2024-02-22 20:15:44,471 — seliccopom data atualizada: 2023-10-01
INFO:2024-02-22 20:15:44,471 — ipca15 data atualizada: 2023-08-01
INFO:2024-02-22 20:16:55,101 — ============================
INFO:2024-02-22 20:16:55,101 — data atual: 2024-02-22
INFO:2024-02-22 20:16:55,101 — data do arquivo: 2023-11-01
INFO:2024-02-22 20:16:55,102 — houve mudança de mês
INFO:2024-02-22 20:16:55,127 — ===============================================================
INFO:2024-02-22 20:16:55,127 — Atualização da coluna data_atualizacao na tabela logatualizacao
INFO:2024-02-22 20:16:55,128 — inpc data atualizada: 2023-09-01
INFO:2024-02-22 20:16:55,128 — ipca data atualizada: 2023-09-01
INFO:2024-02-22 20:16:55,128 — tr data atualizada: 2023-10-01
INFO:2024-02-22 20:16:55,128 — selic data atualizada: 2023-10-01
INFO:2024-02-22 20:16:55,128 — seliccopom data atualizada: 2023-10-01
INFO:2024-02-22 20:16:55,129 — ipca15 data atualizada: 2023-08-01
INFO:2024-02-23 15:59:28,741 — ============================
INFO:2024-02-23 15:59:28,761 — data atual: 2024-02-23
INFO:2024-02-23 15:59:28,761 — data do arquivo: 2023-11-01
INFO:2024-02-23 15:59:28,761 — houve mudança de mês
INFO:2024-02-23 15:59:28,786 — ===============================================================
INFO:2024-02-23 15:59:28,787 — Atualização da coluna data_atualizacao na tabela logatualizacao
INFO:2024-02-23 15:59:28,787 — inpc data atualizada: 2023-09-01
INFO:2024-02-23 15:59:28,787 — ipca data atualizada: 2023-09-01
INFO:2024-02-23 15:59:28,788 — tr data atualizada: 2023-10-01
INFO:2024-02-23 15:59:28,788 — selic data atualizada: 2023-10-01
INFO:2024-02-23 15:59:28,788 — seliccopom data atualizada: 2023-10-01
INFO:2024-02-23 15:59:28,788 — ipca15 data atualizada: 2023-08-01
INFO:2024-02-23 16:00:40,382 — ============================
INFO:2024-02-23 16:00:40,382 — data atual: 2024-02-23
INFO:2024-02-23 16:00:40,382 — data do arquivo: 2023-11-01
INFO:2024-02-23 16:00:40,382 — houve mudança de mês
INFO:2024-02-23 16:00:40,408 — ===============================================================
INFO:2024-02-23 16:00:40,408 — Atualização da coluna data_atualizacao na tabela logatualizacao
INFO:2024-02-23 16:00:40,408 — inpc data atualizada: 2023-09-01
INFO:2024-02-23 16:00:40,409 — ipca data atualizada: 2023-09-01
INFO:2024-02-23 16:00:40,409 — tr data atualizada: 2023-10-01
INFO:2024-02-23 16:00:40,409 — selic data atualizada: 2023-10-01
INFO:2024-02-23 16:00:40,409 — seliccopom data atualizada: 2023-10-01
INFO:2024-02-23 16:00:40,409 — ipca15 data atualizada: 2023-08-01
INFO:2024-02-23 16:02:33,837 — ============================
INFO:2024-02-23 16:02:33,837 — data atual: 2024-02-23
INFO:2024-02-23 16:02:33,837 — data do arquivo: 2023-11-01
INFO:2024-02-23 16:02:33,837 — houve mudança de mês
INFO:2024-02-23 16:02:33,864 — ===============================================================
INFO:2024-02-23 16:02:33,864 — Atualização da coluna data_atualizacao na tabela logatualizacao
INFO:2024-02-23 16:02:33,865 — inpc data atualizada: 2023-09-01
INFO:2024-02-23 16:02:33,865 — ipca data atualizada: 2023-09-01
INFO:2024-02-23 16:02:33,865 — tr data atualizada: 2023-10-01
INFO:2024-02-23 16:02:33,865 — selic data atualizada: 2023-10-01
INFO:2024-02-23 16:02:33,865 — seliccopom data atualizada: 2023-10-01
INFO:2024-02-23 16:02:33,866 — ipca15 data atualizada: 2023-08-01
INFO:2024-02-23 16:06:06,630 — ============================
INFO:2024-02-23 16:06:06,630 — data atual: 2024-02-23
INFO:2024-02-23 16:06:06,630 — data do arquivo: 2023-11-01
INFO:2024-02-23 16:06:06,630 — houve mudança de mês
INFO:2024-02-23 16:06:06,655 — ===============================================================
INFO:2024-02-23 16:06:06,656 — Atualização da coluna data_atualizacao na tabela logatualizacao
INFO:2024-02-23 16:06:06,656 — inpc data atualizada: 2023-09-01
INFO:2024-02-23 16:06:06,656 — ipca data atualizada: 2023-09-01
INFO:2024-02-23 16:06:06,657 — tr data atualizada: 2023-10-01
INFO:2024-02-23 16:06:06,657 — selic data atualizada: 2023-10-01
INFO:2024-02-23 16:06:06,657 — seliccopom data atualizada: 2023-10-01
INFO:2024-02-23 16:06:06,657 — ipca15 data atualizada: 2023-08-01
INFO:2024-02-28 15:16:27,597 — ===============================================================
INFO:2024-02-28 15:16:27,597 — Atualização da coluna data_atualizacao na tabela logatualizacao
INFO:2024-02-28 15:16:27,598 — inpc data atualizada: 2023-09-01
INFO:2024-02-28 15:16:27,598 — ipca data atualizada: 2023-09-01
INFO:2024-02-28 15:16:27,599 — tr data atualizada: 2023-10-01
INFO:2024-02-28 15:16:27,599 — selic data atualizada: 2023-10-01
INFO:2024-02-28 15:16:27,599 — seliccopom data atualizada: 2023-10-01
INFO:2024-02-28 15:16:27,599 — ipca15 data atualizada: 2023-08-01
INFO:2024-02-28 15:16:27,600 — igpm data atualizada: 2023-08-01
INFO:2024-02-28 17:37:39,651 — ===============================================================
INFO:2024-02-28 17:37:39,651 — Atualização da coluna data_atualizacao na tabela logatualizacao
INFO:2024-02-28 17:37:39,652 — inpc data atualizada: 2023-09-01
INFO:2024-02-28 17:37:39,652 — ipca data atualizada: 2023-09-01
INFO:2024-02-28 17:37:39,653 — tr data atualizada: 2023-10-01
INFO:2024-02-28 17:37:39,653 — selic data atualizada: 2023-10-01
INFO:2024-02-28 17:37:39,653 — seliccopom data atualizada: 2023-10-01
INFO:2024-02-28 17:37:39,653 — ipca15 data atualizada: 2023-08-01
INFO:2024-02-28 17:37:39,653 — igpm data atualizada: 2023-08-01
INFO:2024-02-28 17:47:17,523 — ===============================================================
INFO:2024-02-28 17:47:17,523 — Atualização da coluna data_atualizacao na tabela logatualizacao
INFO:2024-02-28 17:47:17,524 — inpc data atualizada: 2023-09-01
INFO:2024-02-28 17:47:17,524 — ipca data atualizada: 2023-09-01
INFO:2024-02-28 17:47:17,525 — tr data atualizada: 2023-10-01
INFO:2024-02-28 17:47:17,525 — selic data atualizada: 2023-10-01
INFO:2024-02-28 17:47:17,525 — seliccopom data atualizada: 2023-10-01
INFO:2024-02-28 17:47:17,525 — ipca15 data atualizada: 2023-08-01
INFO:2024-02-28 17:47:17,525 — igpm data atualizada: 2023-08-01
INFO:2024-02-28 17:52:35,272 — ===============================================================
INFO:2024-02-28 17:52:35,272 — Atualização da coluna data_atualizacao na tabela logatualizacao
INFO:2024-02-28 17:52:35,274 — inpc data atualizada: 2023-09-01
INFO:2024-02-28 17:52:35,274 — ipca data atualizada: 2023-09-01
INFO:2024-02-28 17:52:35,274 — tr data atualizada: 2023-10-01
INFO:2024-02-28 17:52:35,274 — selic data atualizada: 2023-10-01
INFO:2024-02-28 17:52:35,275 — seliccopom data atualizada: 2023-10-01
INFO:2024-02-28 17:52:35,275 — ipca15 data atualizada: 2023-08-01
INFO:2024-02-28 17:52:35,275 — igpm data atualizada: 2023-08-01
INFO:2024-02-28 17:54:35,660 — ===============================================================
INFO:2024-02-28 17:54:35,661 — Atualização da coluna data_atualizacao na tabela logatualizacao
INFO:2024-02-28 17:54:35,662 — inpc data atualizada: 2023-09-01
INFO:2024-02-28 17:54:35,662 — ipca data atualizada: 2023-09-01
INFO:2024-02-28 17:54:35,662 — tr data atualizada: 2023-10-01
INFO:2024-02-28 17:54:35,662 — selic data atualizada: 2023-10-01
INFO:2024-02-28 17:54:35,662 — seliccopom data atualizada: 2023-10-01
INFO:2024-02-28 17:54:35,663 — ipca15 data atualizada: 2023-08-01
INFO:2024-02-28 17:54:35,663 — igpm data atualizada: 2023-08-01
INFO:2024-02-28 18:08:12,780 — ===============================================================
INFO:2024-02-28 18:08:12,780 — Atualização da coluna data_atualizacao na tabela logatualizacao
INFO:2024-02-28 18:08:12,781 — inpc data atualizada: 2023-09-01
INFO:2024-02-28 18:08:12,781 — ipca data atualizada: 2023-09-01
INFO:2024-02-28 18:08:12,781 — tr data atualizada: 2023-10-01
INFO:2024-02-28 18:08:12,781 — selic data atualizada: 2023-10-01
INFO:2024-02-28 18:08:12,782 — seliccopom data atualizada: 2023-10-01
INFO:2024-02-28 18:08:12,782 — ipca15 data atualizada: 2023-08-01
INFO:2024-02-28 18:08:12,782 — igpm data atualizada: 2023-08-01
INFO:2024-02-28 18:13:57,068 — ===============================================================
INFO:2024-02-28 18:13:57,068 — Atualização da coluna data_atualizacao na tabela logatualizacao
INFO:2024-02-28 18:13:57,069 — inpc data atualizada: 2023-09-01
INFO:2024-02-28 18:13:57,070 — ipca data atualizada: 2023-09-01
INFO:2024-02-28 18:13:57,070 — tr data atualizada: 2023-10-01
INFO:2024-02-28 18:13:57,070 — selic data atualizada: 2023-10-01
INFO:2024-02-28 18:13:57,070 — seliccopom data atualizada: 2023-10-01
INFO:2024-02-28 18:13:57,071 — ipca15 data atualizada: 2023-08-01
INFO:2024-02-28 18:13:57,071 — igpm data atualizada: 2023-08-01
INFO:2024-02-28 18:14:45,234 — ===============================================================
INFO:2024-02-28 18:14:45,234 — Atualização da coluna data_atualizacao na tabela logatualizacao
INFO:2024-02-28 18:14:45,235 — inpc data atualizada: 2023-09-01
INFO:2024-02-28 18:14:45,236 — ipca data atualizada: 2023-09-01
INFO:2024-02-28 18:14:45,236 — tr data atualizada: 2023-10-01
INFO:2024-02-28 18:14:45,236 — selic data atualizada: 2023-10-01
INFO:2024-02-28 18:14:45,236 — seliccopom data atualizada: 2023-10-01
INFO:2024-02-28 18:14:45,236 — ipca15 data atualizada: 2023-08-01
INFO:2024-02-28 18:14:45,236 — igpm data atualizada: 2023-08-01
INFO:2024-02-28 18:15:10,291 — ===============================================================
INFO:2024-02-28 18:15:10,291 — Atualização da coluna data_atualizacao na tabela logatualizacao
INFO:2024-02-28 18:15:10,293 — inpc data atualizada: 2023-09-01
INFO:2024-02-28 18:15:10,293 — ipca data atualizada: 2023-09-01
INFO:2024-02-28 18:15:10,293 — tr data atualizada: 2023-10-01
INFO:2024-02-28 18:15:10,293 — selic data atualizada: 2023-10-01
INFO:2024-02-28 18:15:10,294 — seliccopom data atualizada: 2023-10-01
INFO:2024-02-28 18:15:10,294 — ipca15 data atualizada: 2023-08-01
INFO:2024-02-28 18:15:10,294 — igpm data atualizada: 2023-08-01
INFO:2024-02-28 18:22:18,556 — ===============================================================
INFO:2024-02-28 18:22:18,556 — Atualização da coluna data_atualizacao na tabela logatualizacao
INFO:2024-02-28 18:22:18,557 — inpc data atualizada: 2023-09-01
INFO:2024-02-28 18:22:18,557 — ipca data atualizada: 2023-09-01
INFO:2024-02-28 18:22:18,557 — tr data atualizada: 2023-10-01
INFO:2024-02-28 18:22:18,558 — selic data atualizada: 2023-10-01
INFO:2024-02-28 18:22:18,558 — seliccopom data atualizada: 2023-10-01
INFO:2024-02-28 18:22:18,558 — ipca15 data atualizada: 2023-08-01
INFO:2024-02-28 18:22:18,558 — igpm data atualizada: 2023-08-01
INFO:2024-02-28 18:22:51,528 — ===============================================================
INFO:2024-02-28 18:22:51,528 — Atualização da coluna data_atualizacao na tabela logatualizacao
INFO:2024-02-28 18:22:51,529 — inpc data atualizada: 2023-09-01
INFO:2024-02-28 18:22:51,529 — ipca data atualizada: 2023-09-01
INFO:2024-02-28 18:22:51,530 — tr data atualizada: 2023-10-01
INFO:2024-02-28 18:22:51,530 — selic data atualizada: 2023-10-01
INFO:2024-02-28 18:22:51,530 — seliccopom data atualizada: 2023-10-01
INFO:2024-02-28 18:22:51,530 — ipca15 data atualizada: 2023-08-01
INFO:2024-02-28 18:22:51,531 — igpm data atualizada: 2023-08-01
INFO:2024-02-28 18:33:52,308 — ===============================================================
INFO:2024-02-28 18:33:52,308 — Atualização da coluna data_atualizacao na tabela logatualizacao
INFO:2024-02-28 18:33:52,309 — inpc data atualizada: 2023-09-01
INFO:2024-02-28 18:33:52,309 — ipca data atualizada: 2023-09-01
INFO:2024-02-28 18:33:52,310 — tr data atualizada: 2023-10-01
INFO:2024-02-28 18:33:52,310 — selic data atualizada: 2023-10-01
INFO:2024-02-28 18:33:52,310 — seliccopom data atualizada: 2023-10-01
INFO:2024-02-28 18:33:52,310 — ipca15 data atualizada: 2023-08-01
INFO:2024-02-28 18:33:52,310 — igpm data atualizada: 2023-08-01
INFO:2024-02-28 18:36:53,308 — ===============================================================
INFO:2024-02-28 18:36:53,308 — Atualização da coluna data_atualizacao na tabela logatualizacao
INFO:2024-02-28 18:36:53,309 — inpc data atualizada: 2023-09-01
INFO:2024-02-28 18:36:53,309 — ipca data atualizada: 2023-09-01
INFO:2024-02-28 18:36:53,309 — tr data atualizada: 2023-10-01
INFO:2024-02-28 18:36:53,310 — selic data atualizada: 2023-10-01
INFO:2024-02-28 18:36:53,310 — seliccopom data atualizada: 2023-10-01
INFO:2024-02-28 18:36:53,310 — ipca15 data atualizada: 2023-08-01
INFO:2024-02-28 18:36:53,310 — igpm data atualizada: 2023-08-01
INFO:2024-02-28 18:40:13,466 — ===============================================================
INFO:2024-02-28 18:40:13,466 — Atualização da coluna data_atualizacao na tabela logatualizacao
INFO:2024-02-28 18:40:13,467 — inpc data atualizada: 2023-09-01
INFO:2024-02-28 18:40:13,468 — ipca data atualizada: 2023-09-01
INFO:2024-02-28 18:40:13,468 — tr data atualizada: 2023-10-01
INFO:2024-02-28 18:40:13,468 — selic data atualizada: 2023-10-01
INFO:2024-02-28 18:40:13,468 — seliccopom data atualizada: 2023-10-01
INFO:2024-02-28 18:40:13,468 — ipca15 data atualizada: 2023-08-01
INFO:2024-02-28 18:40:13,469 — igpm data atualizada: 2023-08-01
INFO:2024-02-28 18:43:41,817 — ===============================================================
INFO:2024-02-28 18:43:41,817 — Atualização da coluna data_atualizacao na tabela logatualizacao
INFO:2024-02-28 18:43:41,818 — inpc data atualizada: 2023-09-01
INFO:2024-02-28 18:43:41,818 — ipca data atualizada: 2023-09-01
INFO:2024-02-28 18:43:41,819 — tr data atualizada: 2023-10-01
INFO:2024-02-28 18:43:41,819 — selic data atualizada: 2023-10-01
INFO:2024-02-28 18:43:41,819 — seliccopom data atualizada: 2023-10-01
INFO:2024-02-28 18:43:41,819 — ipca15 data atualizada: 2023-08-01
INFO:2024-02-28 18:43:41,819 — igpm data atualizada: 2023-08-01
INFO:2024-02-28 18:48:03,607 — ===============================================================
INFO:2024-02-28 18:48:03,607 — Atualização da coluna data_atualizacao na tabela logatualizacao
INFO:2024-02-28 18:48:03,608 — inpc data atualizada: 2023-09-01
INFO:2024-02-28 18:48:03,609 — ipca data atualizada: 2023-09-01
INFO:2024-02-28 18:48:03,609 — tr data atualizada: 2023-10-01
INFO:2024-02-28 18:48:03,609 — selic data atualizada: 2023-10-01
INFO:2024-02-28 18:48:03,609 — seliccopom data atualizada: 2023-10-01
INFO:2024-02-28 18:48:03,610 — ipca15 data atualizada: 2023-08-01
INFO:2024-02-28 18:48:03,610 — igpm data atualizada: 2023-08-01
INFO:2024-02-28 18:52:28,859 — ===============================================================
INFO:2024-02-28 18:52:28,859 — Atualização da coluna data_atualizacao na tabela logatualizacao
INFO:2024-02-28 18:52:28,860 — inpc data atualizada: 2023-09-01
INFO:2024-02-28 18:52:28,861 — ipca data atualizada: 2023-09-01
INFO:2024-02-28 18:52:28,861 — tr data atualizada: 2023-10-01
INFO:2024-02-28 18:52:28,861 — selic data atualizada: 2023-10-01
INFO:2024-02-28 18:52:28,861 — seliccopom data atualizada: 2023-10-01
INFO:2024-02-28 18:52:28,861 — ipca15 data atualizada: 2023-08-01
INFO:2024-02-28 18:52:28,861 — igpm data atualizada: 2023-08-01
INFO:2024-02-28 19:12:51,748 — ===============================================================
INFO:2024-02-28 19:12:51,748 — Atualização da coluna data_atualizacao na tabela logatualizacao
INFO:2024-02-28 19:12:51,750 — inpc data atualizada: 2023-09-01
INFO:2024-02-28 19:12:51,750 — ipca data atualizada: 2023-09-01
INFO:2024-02-28 19:12:51,750 — tr data atualizada: 2023-10-01
INFO:2024-02-28 19:12:51,750 — selic data atualizada: 2023-10-01
INFO:2024-02-28 19:12:51,751 — seliccopom data atualizada: 2023-10-01
INFO:2024-02-28 19:12:51,751 — ipca15 data atualizada: 2023-08-01
INFO:2024-02-28 19:12:51,751 — igpm data atualizada: 2023-08-01
INFO:2024-02-28 19:19:17,948 — ===============================================================
INFO:2024-02-28 19:19:17,948 — Atualização da coluna data_atualizacao na tabela logatualizacao
INFO:2024-02-28 19:19:17,949 — inpc data atualizada: 2023-09-01
INFO:2024-02-28 19:19:17,950 — ipca data atualizada: 2023-09-01
INFO:2024-02-28 19:19:17,950 — tr data atualizada: 2023-10-01
INFO:2024-02-28 19:19:17,950 — selic data atualizada: 2023-10-01
INFO:2024-02-28 19:19:17,950 — seliccopom data atualizada: 2023-10-01
INFO:2024-02-28 19:19:17,950 — ipca15 data atualizada: 2023-08-01
INFO:2024-02-28 19:19:17,950 — igpm data atualizada: 2023-08-01
INFO:2024-02-28 19:20:58,383 — ===============================================================
INFO:2024-02-28 19:20:58,383 — Atualização da coluna data_atualizacao na tabela logatualizacao
INFO:2024-02-28 19:20:58,384 — inpc data atualizada: 2023-09-01
INFO:2024-02-28 19:20:58,384 — ipca data atualizada: 2023-09-01
INFO:2024-02-28 19:20:58,385 — tr data atualizada: 2023-10-01
INFO:2024-02-28 19:20:58,385 — selic data atualizada: 2023-10-01
INFO:2024-02-28 19:20:58,385 — seliccopom data atualizada: 2023-10-01
INFO:2024-02-28 19:20:58,385 — ipca15 data atualizada: 2023-08-01
INFO:2024-02-28 19:20:58,385 — igpm data atualizada: 2023-08-01
INFO:2024-02-28 19:27:05,834 — ===============================================================
INFO:2024-02-28 19:27:05,834 — Atualização da coluna data_atualizacao na tabela logatualizacao
INFO:2024-02-28 19:27:05,835 — inpc data atualizada: 2023-09-01
INFO:2024-02-28 19:27:05,836 — ipca data atualizada: 2023-09-01
INFO:2024-02-28 19:27:05,836 — tr data atualizada: 2023-10-01
INFO:2024-02-28 19:27:05,836 — selic data atualizada: 2023-10-01
INFO:2024-02-28 19:27:05,836 — seliccopom data atualizada: 2023-10-01
INFO:2024-02-28 19:27:05,836 — ipca15 data atualizada: 2023-08-01
INFO:2024-02-28 19:27:05,837 — igpm data atualizada: 2023-08-01
INFO:2024-02-28 19:43:45,683 — ===============================================================
INFO:2024-02-28 19:43:45,683 — Atualização da coluna data_atualizacao na tabela logatualizacao
INFO:2024-02-28 19:43:45,684 — inpc data atualizada: 2023-09-01
INFO:2024-02-28 19:43:45,685 — ipca data atualizada: 2023-09-01
INFO:2024-02-28 19:43:45,685 — tr data atualizada: 2023-10-01
INFO:2024-02-28 19:43:45,685 — selic data atualizada: 2023-10-01
INFO:2024-02-28 19:43:45,685 — seliccopom data atualizada: 2023-10-01
INFO:2024-02-28 19:43:45,686 — ipca15 data atualizada: 2023-08-01
INFO:2024-02-28 19:43:45,686 — igpm data atualizada: 2023-08-01
INFO:2024-02-28 19:53:29,549 — ===============================================================
INFO:2024-02-28 19:53:29,549 — Atualização da coluna data_atualizacao na tabela logatualizacao
INFO:2024-02-28 19:53:29,551 — inpc data atualizada: 2023-09-01
INFO:2024-02-28 19:53:29,551 — ipca data atualizada: 2023-09-01
INFO:2024-02-28 19:53:29,551 — tr data atualizada: 2023-10-01
INFO:2024-02-28 19:53:29,551 — selic data atualizada: 2023-10-01
INFO:2024-02-28 19:53:29,552 — seliccopom data atualizada: 2023-10-01
INFO:2024-02-28 19:53:29,552 — ipca15 data atualizada: 2023-08-01
INFO:2024-02-28 19:53:29,552 — igpm data atualizada: 2023-08-01
INFO:2024-02-28 20:18:08,281 — ===============================================================
INFO:2024-02-28 20:18:08,281 — Atualização da coluna data_atualizacao na tabela logatualizacao
INFO:2024-02-28 20:18:08,282 — inpc data atualizada: 2023-09-01
INFO:2024-02-28 20:18:08,282 — ipca data atualizada: 2023-09-01
INFO:2024-02-28 20:18:08,282 — tr data atualizada: 2023-10-01
INFO:2024-02-28 20:18:08,282 — selic data atualizada: 2023-10-01
INFO:2024-02-28 20:18:08,283 — seliccopom data atualizada: 2023-10-01
INFO:2024-02-28 20:18:08,283 — ipca15 data atualizada: 2023-08-01
INFO:2024-02-28 20:18:08,283 — igpm data atualizada: 2023-08-01
INFO:2024-02-28 20:23:45,532 — ===============================================================
INFO:2024-02-28 20:23:45,532 — Atualização da coluna data_atualizacao na tabela logatualizacao
INFO:2024-02-28 20:23:45,533 — inpc data atualizada: 2023-09-01
INFO:2024-02-28 20:23:45,533 — ipca data atualizada: 2023-09-01
INFO:2024-02-28 20:23:45,534 — tr data atualizada: 2023-10-01
INFO:2024-02-28 20:23:45,534 — selic data atualizada: 2023-10-01
INFO:2024-02-28 20:23:45,534 — seliccopom data atualizada: 2023-10-01
INFO:2024-02-28 20:23:45,534 — ipca15 data atualizada: 2023-08-01
INFO:2024-02-28 20:23:45,534 — igpm data atualizada: 2023-08-01
INFO:2024-02-28 20:50:30,123 — ===============================================================
INFO:2024-02-28 20:50:30,123 — Atualização da coluna data_atualizacao na tabela logatualizacao
INFO:2024-02-28 20:50:30,124 — inpc data atualizada: 2023-09-01
INFO:2024-02-28 20:50:30,124 — ipca data atualizada: 2023-09-01
INFO:2024-02-28 20:50:30,125 — tr data atualizada: 2023-10-01
INFO:2024-02-28 20:50:30,125 — selic data atualizada: 2023-10-01
INFO:2024-02-28 20:50:30,125 — seliccopom data atualizada: 2023-10-01
INFO:2024-02-28 20:50:30,125 — ipca15 data atualizada: 2023-08-01
INFO:2024-02-28 20:50:30,125 — igpm data atualizada: 2023-08-01
INFO:2024-02-28 20:53:57,300 — ===============================================================
INFO:2024-02-28 20:53:57,300 — Atualização da coluna data_atualizacao na tabela logatualizacao
INFO:2024-02-28 20:53:57,301 — inpc data atualizada: 2023-09-01
INFO:2024-02-28 20:53:57,301 — ipca data atualizada: 2023-09-01
INFO:2024-02-28 20:53:57,301 — tr data atualizada: 2023-10-01
INFO:2024-02-28 20:53:57,301 — selic data atualizada: 2023-10-01
INFO:2024-02-28 20:53:57,301 — seliccopom data atualizada: 2023-10-01
INFO:2024-02-28 20:53:57,302 — ipca15 data atualizada: 2023-08-01
INFO:2024-02-28 20:53:57,302 — igpm data atualizada: 2023-08-01
INFO:2024-02-28 21:02:13,581 — ===============================================================
INFO:2024-02-28 21:02:13,581 — Atualização da coluna data_atualizacao na tabela logatualizacao
INFO:2024-02-28 21:02:13,582 — inpc data atualizada: 2023-09-01
INFO:2024-02-28 21:02:13,582 — ipca data atualizada: 2023-09-01
INFO:2024-02-28 21:02:13,582 — tr data atualizada: 2023-10-01
INFO:2024-02-28 21:02:13,583 — selic data atualizada: 2023-10-01
INFO:2024-02-28 21:02:13,583 — seliccopom data atualizada: 2023-10-01
INFO:2024-02-28 21:02:13,583 — ipca15 data atualizada: 2023-08-01
INFO:2024-02-28 21:02:13,583 — igpm data atualizada: 2023-08-01
INFO:2024-02-28 21:11:34,698 — ===============================================================
INFO:2024-02-28 21:11:34,698 — Atualização da coluna data_atualizacao na tabela logatualizacao
INFO:2024-02-28 21:11:34,699 — inpc data atualizada: 2023-09-01
INFO:2024-02-28 21:11:34,699 — ipca data atualizada: 2023-09-01
INFO:2024-02-28 21:11:34,699 — tr data atualizada: 2023-10-01
INFO:2024-02-28 21:11:34,699 — selic data atualizada: 2023-10-01
INFO:2024-02-28 21:11:34,700 — seliccopom data atualizada: 2023-10-01
INFO:2024-02-28 21:11:34,700 — ipca15 data atualizada: 2023-08-01
INFO:2024-02-28 21:11:34,700 — igpm data atualizada: 2023-08-01
INFO:2024-02-28 21:13:18,551 — ===============================================================
INFO:2024-02-28 21:13:18,551 — Atualização da coluna data_atualizacao na tabela logatualizacao
INFO:2024-02-28 21:13:18,552 — inpc data atualizada: 2023-09-01
INFO:2024-02-28 21:13:18,552 — ipca data atualizada: 2023-09-01
INFO:2024-02-28 21:13:18,552 — tr data atualizada: 2023-10-01
INFO:2024-02-28 21:13:18,552 — selic data atualizada: 2023-10-01
INFO:2024-02-28 21:13:18,552 — seliccopom data atualizada: 2023-10-01
INFO:2024-02-28 21:13:18,553 — ipca15 data atualizada: 2023-08-01
INFO:2024-02-28 21:13:18,553 — igpm data atualizada: 2023-08-01
INFO:2024-02-28 21:18:10,685 — ===============================================================
INFO:2024-02-28 21:18:10,685 — Atualização da coluna data_atualizacao na tabela logatualizacao
INFO:2024-02-28 21:18:10,686 — inpc data atualizada: 2023-09-01
INFO:2024-02-28 21:18:10,687 — ipca data atualizada: 2023-09-01
INFO:2024-02-28 21:18:10,687 — tr data atualizada: 2023-10-01
INFO:2024-02-28 21:18:10,687 — selic data atualizada: 2023-10-01
INFO:2024-02-28 21:18:10,687 — seliccopom data atualizada: 2023-10-01
INFO:2024-02-28 21:18:10,687 — igpm data atualizada: 2023-08-01
INFO:2024-02-28 21:18:10,688 — ipca15 data atualizada: 2023-08-01
INFO:2024-02-28 21:19:24,556 — ===============================================================
INFO:2024-02-28 21:19:24,557 — Atualização da coluna data_atualizacao na tabela logatualizacao
INFO:2024-02-28 21:19:24,558 — inpc data atualizada: 2023-09-01
INFO:2024-02-28 21:19:24,558 — ipca data atualizada: 2023-09-01
INFO:2024-02-28 21:19:24,558 — tr data atualizada: 2023-10-01
INFO:2024-02-28 21:19:24,558 — selic data atualizada: 2023-10-01
INFO:2024-02-28 21:19:24,558 — seliccopom data atualizada: 2023-10-01
INFO:2024-02-28 21:19:24,558 — igpm data atualizada: 2023-08-01
INFO:2024-02-28 21:19:24,558 — ipca15 data atualizada: 2023-08-01
INFO:2024-02-28 21:21:43,392 — ===============================================================
INFO:2024-02-28 21:21:43,392 — Atualização da coluna data_atualizacao na tabela logatualizacao
INFO:2024-02-28 21:21:43,393 — inpc data atualizada: 2023-09-01
INFO:2024-02-28 21:21:43,393 — ipca data atualizada: 2023-09-01
INFO:2024-02-28 21:21:43,393 — tr data atualizada: 2023-10-01
INFO:2024-02-28 21:21:43,393 — igpm data atualizada: 2023-08-01
INFO:2024-02-28 21:21:43,393 — ipca15 data atualizada: 2023-08-01
INFO:2024-02-28 21:21:43,393 — selic data atualizada: 2023-10-01
INFO:2024-02-28 21:21:43,394 — seliccopom data atualizada: 2023-10-01
INFO:2024-02-28 21:22:31,196 — ===============================================================
INFO:2024-02-28 21:22:31,196 — Atualização da coluna data_atualizacao na tabela logatualizacao
INFO:2024-02-28 21:22:31,197 — inpc data atualizada: 2023-09-01
INFO:2024-02-28 21:22:31,197 — ipca data atualizada: 2023-09-01
INFO:2024-02-28 21:22:31,198 — tr data atualizada: 2023-10-01
INFO:2024-02-28 21:22:31,198 — igpm data atualizada: 2023-08-01
INFO:2024-02-28 21:22:31,198 — ipca15 data atualizada: 2023-08-01
INFO:2024-02-28 21:22:31,198 — selic data atualizada: 2023-10-01
INFO:2024-02-28 21:22:31,198 — seliccopom data atualizada: 2023-10-01
INFO:2024-02-28 21:27:23,926 — ===============================================================
INFO:2024-02-28 21:27:23,926 — Atualização da coluna data_atualizacao na tabela logatualizacao
INFO:2024-02-28 21:27:23,927 — inpc data atualizada: 2023-09-01
INFO:2024-02-28 21:27:23,927 — ipca data atualizada: 2023-09-01
INFO:2024-02-28 21:27:23,927 — tr data atualizada: 2023-10-01
INFO:2024-02-28 21:27:23,927 — igpm data atualizada: 2023-08-01
INFO:2024-02-28 21:27:23,927 — ipca15 data atualizada: 2023-08-01
INFO:2024-02-28 21:27:23,928 — selic data atualizada: 2023-10-01
INFO:2024-02-28 21:27:23,928 — seliccopom data atualizada: 2023-10-01
INFO:2024-02-28 21:43:54,586 — ===============================================================
INFO:2024-02-28 21:43:54,586 — Atualização da coluna data_atualizacao na tabela logatualizacao
INFO:2024-02-28 21:43:54,587 — inpc data atualizada: 2023-09-01
INFO:2024-02-28 21:43:54,587 — ipca data atualizada: 2023-09-01
INFO:2024-02-28 21:43:54,587 — tr data atualizada: 2023-10-01
INFO:2024-02-28 21:43:54,587 — igpm data atualizada: 2023-08-01
INFO:2024-02-28 21:43:54,587 — ipca15 data atualizada: 2023-08-01
INFO:2024-02-28 21:43:54,588 — selic data atualizada: 2023-10-01
INFO:2024-02-28 21:43:54,588 — seliccopom data atualizada: 2023-10-01
INFO:2024-02-28 22:17:08,207 — ===============================================================
INFO:2024-02-28 22:17:08,208 — Atualização da coluna data_atualizacao na tabela logatualizacao
INFO:2024-02-28 22:17:08,209 — inpc data atualizada: 2023-09-01
INFO:2024-02-28 22:17:08,209 — ipca data atualizada: 2023-09-01
INFO:2024-02-28 22:17:08,209 — tr data atualizada: 2023-10-01
INFO:2024-02-28 22:17:08,209 — igpm data atualizada: 2023-08-01
INFO:2024-02-28 22:17:08,209 — ipca15 data atualizada: 2023-08-01
INFO:2024-02-28 22:17:08,210 — selic data atualizada: 2023-10-01
INFO:2024-02-28 22:17:08,210 — seliccopom data atualizada: 2023-10-01
INFO:2024-02-28 22:30:10,582 — ===============================================================
INFO:2024-02-28 22:30:10,582 — Atualização da coluna data_atualizacao na tabela logatualizacao
INFO:2024-02-28 22:30:10,583 — inpc data atualizada: 2023-09-01
INFO:2024-02-28 22:30:10,583 — ipca data atualizada: 2023-09-01
INFO:2024-02-28 22:30:10,583 — tr data atualizada: 2023-10-01
INFO:2024-02-28 22:30:10,584 — igpm data atualizada: 2023-08-01
INFO:2024-02-28 22:30:10,584 — ipca15 data atualizada: 2023-08-01
INFO:2024-02-28 22:30:10,584 — selic data atualizada: 2023-10-01
INFO:2024-02-28 22:30:10,584 — seliccopom data atualizada: 2023-10-01
INFO:2024-02-28 22:38:08,498 — ===============================================================
INFO:2024-02-28 22:38:08,498 — Atualização da coluna data_atualizacao na tabela logatualizacao
INFO:2024-02-28 22:38:08,499 — inpc data atualizada: 2023-09-01
INFO:2024-02-28 22:38:08,499 — ipca data atualizada: 2023-10-01
INFO:2024-02-28 22:38:08,499 — tr data atualizada: 2023-10-01
INFO:2024-02-28 22:38:08,499 — igpm data atualizada: 2023-08-01
INFO:2024-02-28 22:38:08,500 — ipca15 data atualizada: 2023-08-01
INFO:2024-02-28 22:38:08,500 — selic data atualizada: 2023-10-01
INFO:2024-02-28 22:38:08,500 — seliccopom data atualizada: 2023-10-01
INFO:2024-02-28 22:42:45,701 — ===============================================================
INFO:2024-02-28 22:42:45,701 — Atualização da coluna data_atualizacao na tabela logatualizacao
INFO:2024-02-28 22:42:45,702 — inpc data atualizada: 2023-10-01
INFO:2024-02-28 22:42:45,702 — ipca data atualizada: 2023-11-01
INFO:2024-02-28 22:42:45,702 — tr data atualizada: 2023-11-01
INFO:2024-02-28 22:42:45,702 — igpm data atualizada: 2023-08-01
INFO:2024-02-28 22:42:45,703 — ipca15 data atualizada: 2023-09-01
INFO:2024-02-28 22:42:45,703 — selic data atualizada: 2023-11-01
INFO:2024-02-28 22:42:45,703 — seliccopom data atualizada: 2023-11-01
INFO:2024-02-28 22:44:01,143 — ===============================================================
INFO:2024-02-28 22:44:01,143 — Atualização da coluna data_atualizacao na tabela logatualizacao
INFO:2024-02-28 22:44:01,144 — inpc data atualizada: 2023-10-01
INFO:2024-02-28 22:44:01,144 — ipca data atualizada: 2023-11-01
INFO:2024-02-28 22:44:01,144 — tr data atualizada: 2023-11-01
INFO:2024-02-28 22:44:01,144 — igpm data atualizada: 2023-08-01
INFO:2024-02-28 22:44:01,145 — ipca15 data atualizada: 2023-09-01
INFO:2024-02-28 22:44:01,145 — selic data atualizada: 2023-11-01
INFO:2024-02-28 22:44:01,145 — seliccopom data atualizada: 2023-11-01
INFO:2024-02-28 22:48:20,631 — ===============================================================
INFO:2024-02-28 22:48:20,631 — Atualização da coluna data_atualizacao na tabela logatualizacao
INFO:2024-02-28 22:48:20,632 — inpc data atualizada: 2023-11-01
INFO:2024-02-28 22:48:20,632 — ipca data atualizada: 2023-12-01
INFO:2024-02-28 22:48:20,633 — tr data atualizada: 2023-12-01
INFO:2024-02-28 22:48:20,633 — igpm data atualizada: 2023-08-01
INFO:2024-02-28 22:48:20,633 — ipca15 data atualizada: 2023-10-01
INFO:2024-02-28 22:48:20,633 — selic data atualizada: 2023-12-01
INFO:2024-02-28 22:48:20,633 — seliccopom data atualizada: 2023-12-01
INFO:2024-02-28 22:50:14,913 — ===============================================================
INFO:2024-02-28 22:50:14,913 — Atualização da coluna data_atualizacao na tabela logatualizacao
INFO:2024-02-28 22:50:14,914 — inpc data atualizada: 2023-11-01
INFO:2024-02-28 22:50:14,914 — ipca data atualizada: 2023-12-01
INFO:2024-02-28 22:50:14,914 — tr data atualizada: 2023-12-01
INFO:2024-02-28 22:50:14,914 — igpm data atualizada: 2023-08-01
INFO:2024-02-28 22:50:14,914 — ipca15 data atualizada: 2023-10-01
INFO:2024-02-28 22:50:14,915 — selic data atualizada: 2023-12-01
INFO:2024-02-28 22:50:14,915 — seliccopom data atualizada: 2023-12-01
INFO:2024-02-28 23:03:49,883 — ===============================================================
INFO:2024-02-28 23:03:49,883 — Atualização da coluna data_atualizacao na tabela logatualizacao
INFO:2024-02-28 23:03:49,884 — inpc data atualizada: 2023-12-01
INFO:2024-02-28 23:03:49,885 — ipca data atualizada: 2024-01-01
INFO:2024-02-28 23:03:49,885 — tr data atualizada: 2024-01-01
INFO:2024-02-28 23:03:49,885 — igpm data atualizada: 2023-08-01
INFO:2024-02-28 23:03:49,885 — ipca15 data atualizada: 2023-11-01
INFO:2024-02-28 23:03:49,885 — selic data atualizada: 2024-01-01
INFO:2024-02-28 23:03:49,885 — seliccopom data atualizada: 2024-01-01
